{"C:\\workspace\\r-book-lib\\src\\models\\book.js": {"path":"C:\\workspace\\r-book-lib\\src\\models\\book.js","statementMap":{"0":{"start":{"line":4,"column":4},"end":{"line":4,"column":80}},"1":{"start":{"line":4,"column":45},"end":{"line":4,"column":80}},"2":{"start":{"line":5,"column":4},"end":{"line":5,"column":71}},"3":{"start":{"line":5,"column":23},"end":{"line":5,"column":71}},"4":{"start":{"line":6,"column":4},"end":{"line":6,"column":23}},"5":{"start":{"line":7,"column":4},"end":{"line":7,"column":43}},"6":{"start":{"line":8,"column":4},"end":{"line":8,"column":29}},"7":{"start":{"line":9,"column":4},"end":{"line":9,"column":37}},"8":{"start":{"line":13,"column":0},"end":{"line":13,"column":22}}},"fnMap":{"0":{"name":"(anonymous_0)","decl":{"start":{"line":3,"column":2},"end":{"line":3,"column":3}},"loc":{"start":{"line":3,"column":43},"end":{"line":10,"column":3}},"line":3}},"branchMap":{"0":{"loc":{"start":{"line":3,"column":29},"end":{"line":3,"column":41}},"type":"default-arg","locations":[{"start":{"line":3,"column":40},"end":{"line":3,"column":41}}],"line":3},"1":{"loc":{"start":{"line":4,"column":4},"end":{"line":4,"column":80}},"type":"if","locations":[{"start":{"line":4,"column":4},"end":{"line":4,"column":80}},{"start":{},"end":{}}],"line":4},"2":{"loc":{"start":{"line":4,"column":8},"end":{"line":4,"column":43}},"type":"binary-expr","locations":[{"start":{"line":4,"column":8},"end":{"line":4,"column":14}},{"start":{"line":4,"column":18},"end":{"line":4,"column":43}}],"line":4},"3":{"loc":{"start":{"line":5,"column":4},"end":{"line":5,"column":71}},"type":"if","locations":[{"start":{"line":5,"column":4},"end":{"line":5,"column":71}},{"start":{},"end":{}}],"line":5},"4":{"loc":{"start":{"line":7,"column":18},"end":{"line":7,"column":42}},"type":"binary-expr","locations":[{"start":{"line":7,"column":18},"end":{"line":7,"column":24}},{"start":{"line":7,"column":28},"end":{"line":7,"column":42}}],"line":7}},"s":{"0":27,"1":0,"2":27,"3":2,"4":25,"5":25,"6":25,"7":25,"8":1},"f":{"0":27},"b":{"0":[0],"1":[0,27],"2":[27,27],"3":[2,25],"4":[25,0]},"_coverageSchema":"1a1c01bbd47fc00a2c39e90264f33305004495a9","hash":"3a0af1e21f1149a125bf3e3b11564402fcefb97d"}
,"C:\\workspace\\r-book-lib\\src\\models\\user.js": {"path":"C:\\workspace\\r-book-lib\\src\\models\\user.js","statementMap":{"0":{"start":{"line":4,"column":4},"end":{"line":4,"column":55}},"1":{"start":{"line":4,"column":13},"end":{"line":4,"column":55}},"2":{"start":{"line":5,"column":4},"end":{"line":5,"column":17}},"3":{"start":{"line":6,"column":4},"end":{"line":6,"column":27}},"4":{"start":{"line":8,"column":4},"end":{"line":8,"column":27}},"5":{"start":{"line":9,"column":4},"end":{"line":9,"column":26}},"6":{"start":{"line":13,"column":4},"end":{"line":13,"column":26}},"7":{"start":{"line":14,"column":4},"end":{"line":18,"column":7}},"8":{"start":{"line":22,"column":4},"end":{"line":22,"column":33}},"9":{"start":{"line":26,"column":4},"end":{"line":26,"column":29}},"10":{"start":{"line":28,"column":17},"end":{"line":30,"column":5}},"11":{"start":{"line":29,"column":11},"end":{"line":29,"column":56}},"12":{"start":{"line":31,"column":4},"end":{"line":33,"column":5}},"13":{"start":{"line":32,"column":6},"end":{"line":32,"column":38}},"14":{"start":{"line":37,"column":4},"end":{"line":37,"column":27}},"15":{"start":{"line":41,"column":4},"end":{"line":41,"column":34}},"16":{"start":{"line":45,"column":4},"end":{"line":45,"column":49}},"17":{"start":{"line":45,"column":38},"end":{"line":45,"column":46}},"18":{"start":{"line":49,"column":0},"end":{"line":49,"column":22}}},"fnMap":{"0":{"name":"(anonymous_0)","decl":{"start":{"line":3,"column":2},"end":{"line":3,"column":3}},"loc":{"start":{"line":3,"column":24},"end":{"line":10,"column":3}},"line":3},"1":{"name":"(anonymous_1)","decl":{"start":{"line":12,"column":2},"end":{"line":12,"column":3}},"loc":{"start":{"line":12,"column":16},"end":{"line":19,"column":3}},"line":12},"2":{"name":"(anonymous_2)","decl":{"start":{"line":21,"column":2},"end":{"line":21,"column":3}},"loc":{"start":{"line":21,"column":21},"end":{"line":23,"column":3}},"line":21},"3":{"name":"(anonymous_3)","decl":{"start":{"line":25,"column":2},"end":{"line":25,"column":3}},"loc":{"start":{"line":25,"column":16},"end":{"line":34,"column":3}},"line":25},"4":{"name":"(anonymous_4)","decl":{"start":{"line":29,"column":6},"end":{"line":29,"column":7}},"loc":{"start":{"line":29,"column":11},"end":{"line":29,"column":56}},"line":29},"5":{"name":"(anonymous_5)","decl":{"start":{"line":36,"column":2},"end":{"line":36,"column":3}},"loc":{"start":{"line":36,"column":14},"end":{"line":38,"column":3}},"line":36},"6":{"name":"(anonymous_6)","decl":{"start":{"line":40,"column":2},"end":{"line":40,"column":3}},"loc":{"start":{"line":40,"column":14},"end":{"line":42,"column":3}},"line":40},"7":{"name":"(anonymous_7)","decl":{"start":{"line":44,"column":2},"end":{"line":44,"column":3}},"loc":{"start":{"line":44,"column":20},"end":{"line":46,"column":3}},"line":44},"8":{"name":"(anonymous_8)","decl":{"start":{"line":45,"column":32},"end":{"line":45,"column":33}},"loc":{"start":{"line":45,"column":38},"end":{"line":45,"column":46}},"line":45}},"branchMap":{"0":{"loc":{"start":{"line":4,"column":4},"end":{"line":4,"column":55}},"type":"if","locations":[{"start":{"line":4,"column":4},"end":{"line":4,"column":55}},{"start":{},"end":{}}],"line":4},"1":{"loc":{"start":{"line":6,"column":16},"end":{"line":6,"column":26}},"type":"binary-expr","locations":[{"start":{"line":6,"column":16},"end":{"line":6,"column":20}},{"start":{"line":6,"column":24},"end":{"line":6,"column":26}}],"line":6},"2":{"loc":{"start":{"line":29,"column":11},"end":{"line":29,"column":56}},"type":"binary-expr","locations":[{"start":{"line":29,"column":11},"end":{"line":29,"column":28}},{"start":{"line":29,"column":32},"end":{"line":29,"column":56}}],"line":29},"3":{"loc":{"start":{"line":31,"column":4},"end":{"line":33,"column":5}},"type":"if","locations":[{"start":{"line":31,"column":4},"end":{"line":33,"column":5}},{"start":{},"end":{}}],"line":31}},"s":{"0":22,"1":0,"2":22,"3":22,"4":22,"5":22,"6":15,"7":15,"8":22,"9":2,"10":2,"11":2,"12":2,"13":2,"14":21,"15":1,"16":0,"17":0,"18":1},"f":{"0":22,"1":15,"2":22,"3":2,"4":2,"5":21,"6":1,"7":0,"8":0},"b":{"0":[0,22],"1":[22,0],"2":[2,2],"3":[2,0]},"_coverageSchema":"1a1c01bbd47fc00a2c39e90264f33305004495a9","hash":"057f570cbfaa34b58d844abc63842a797e228f15"}
,"C:\\workspace\\r-book-lib\\src\\services\\library-service.js": {"path":"C:\\workspace\\r-book-lib\\src\\services\\library-service.js","statementMap":{"0":{"start":{"line":2,"column":13},"end":{"line":2,"column":38}},"1":{"start":{"line":3,"column":13},"end":{"line":3,"column":38}},"2":{"start":{"line":7,"column":4},"end":{"line":7,"column":27}},"3":{"start":{"line":8,"column":4},"end":{"line":8,"column":23}},"4":{"start":{"line":9,"column":4},"end":{"line":9,"column":23}},"5":{"start":{"line":13,"column":4},"end":{"line":13,"column":68}},"6":{"start":{"line":13,"column":19},"end":{"line":13,"column":68}},"7":{"start":{"line":14,"column":4},"end":{"line":14,"column":26}},"8":{"start":{"line":17,"column":4},"end":{"line":17,"column":69}},"9":{"start":{"line":17,"column":18},"end":{"line":17,"column":69}},"10":{"start":{"line":18,"column":4},"end":{"line":18,"column":26}},"11":{"start":{"line":23,"column":4},"end":{"line":25,"column":5}},"12":{"start":{"line":24,"column":6},"end":{"line":24,"column":55}},"13":{"start":{"line":26,"column":17},"end":{"line":26,"column":50}},"14":{"start":{"line":27,"column":4},"end":{"line":27,"column":28}},"15":{"start":{"line":28,"column":4},"end":{"line":28,"column":16}},"16":{"start":{"line":32,"column":4},"end":{"line":32,"column":33}},"17":{"start":{"line":36,"column":17},"end":{"line":36,"column":42}},"18":{"start":{"line":37,"column":4},"end":{"line":37,"column":55}},"19":{"start":{"line":37,"column":15},"end":{"line":37,"column":55}},"20":{"start":{"line":38,"column":4},"end":{"line":40,"column":5}},"21":{"start":{"line":39,"column":6},"end":{"line":39,"column":75}},"22":{"start":{"line":41,"column":4},"end":{"line":41,"column":32}},"23":{"start":{"line":42,"column":4},"end":{"line":42,"column":16}},"24":{"start":{"line":47,"column":4},"end":{"line":49,"column":5}},"25":{"start":{"line":48,"column":6},"end":{"line":48,"column":47}},"26":{"start":{"line":50,"column":17},"end":{"line":50,"column":35}},"27":{"start":{"line":51,"column":4},"end":{"line":51,"column":28}},"28":{"start":{"line":52,"column":4},"end":{"line":52,"column":16}},"29":{"start":{"line":56,"column":4},"end":{"line":56,"column":33}},"30":{"start":{"line":61,"column":17},"end":{"line":61,"column":43}},"31":{"start":{"line":62,"column":4},"end":{"line":62,"column":57}},"32":{"start":{"line":62,"column":15},"end":{"line":62,"column":57}},"33":{"start":{"line":64,"column":17},"end":{"line":64,"column":42}},"34":{"start":{"line":65,"column":4},"end":{"line":65,"column":55}},"35":{"start":{"line":65,"column":15},"end":{"line":65,"column":55}},"36":{"start":{"line":66,"column":4},"end":{"line":66,"column":74}},"37":{"start":{"line":66,"column":28},"end":{"line":66,"column":74}},"38":{"start":{"line":69,"column":18},"end":{"line":69,"column":28}},"39":{"start":{"line":70,"column":21},"end":{"line":70,"column":57}},"40":{"start":{"line":72,"column":4},"end":{"line":76,"column":5}},"41":{"start":{"line":73,"column":6},"end":{"line":75,"column":7}},"42":{"start":{"line":74,"column":8},"end":{"line":74,"column":79}},"43":{"start":{"line":79,"column":4},"end":{"line":79,"column":123}},"44":{"start":{"line":79,"column":44},"end":{"line":79,"column":123}},"45":{"start":{"line":80,"column":4},"end":{"line":80,"column":94}},"46":{"start":{"line":80,"column":38},"end":{"line":80,"column":94}},"47":{"start":{"line":83,"column":4},"end":{"line":83,"column":23}},"48":{"start":{"line":84,"column":4},"end":{"line":84,"column":28}},"49":{"start":{"line":85,"column":4},"end":{"line":85,"column":16}},"50":{"start":{"line":89,"column":17},"end":{"line":89,"column":43}},"51":{"start":{"line":90,"column":4},"end":{"line":90,"column":57}},"52":{"start":{"line":90,"column":15},"end":{"line":90,"column":57}},"53":{"start":{"line":92,"column":17},"end":{"line":92,"column":42}},"54":{"start":{"line":93,"column":4},"end":{"line":93,"column":55}},"55":{"start":{"line":93,"column":15},"end":{"line":93,"column":55}},"56":{"start":{"line":95,"column":4},"end":{"line":95,"column":91}},"57":{"start":{"line":95,"column":39},"end":{"line":95,"column":91}},"58":{"start":{"line":97,"column":4},"end":{"line":97,"column":77}},"59":{"start":{"line":97,"column":31},"end":{"line":97,"column":77}},"60":{"start":{"line":100,"column":4},"end":{"line":100,"column":23}},"61":{"start":{"line":101,"column":4},"end":{"line":101,"column":28}},"62":{"start":{"line":102,"column":4},"end":{"line":102,"column":16}},"63":{"start":{"line":106,"column":17},"end":{"line":106,"column":43}},"64":{"start":{"line":107,"column":4},"end":{"line":107,"column":57}},"65":{"start":{"line":107,"column":15},"end":{"line":107,"column":57}},"66":{"start":{"line":108,"column":4},"end":{"line":108,"column":28}},"67":{"start":{"line":112,"column":0},"end":{"line":112,"column":32}}},"fnMap":{"0":{"name":"(anonymous_0)","decl":{"start":{"line":6,"column":2},"end":{"line":6,"column":3}},"loc":{"start":{"line":6,"column":26},"end":{"line":10,"column":3}},"line":6},"1":{"name":"(anonymous_1)","decl":{"start":{"line":12,"column":2},"end":{"line":12,"column":3}},"loc":{"start":{"line":12,"column":22},"end":{"line":15,"column":3}},"line":12},"2":{"name":"(anonymous_2)","decl":{"start":{"line":16,"column":2},"end":{"line":16,"column":3}},"loc":{"start":{"line":16,"column":21},"end":{"line":19,"column":3}},"line":16},"3":{"name":"(anonymous_3)","decl":{"start":{"line":22,"column":2},"end":{"line":22,"column":3}},"loc":{"start":{"line":22,"column":44},"end":{"line":29,"column":3}},"line":22},"4":{"name":"(anonymous_4)","decl":{"start":{"line":31,"column":2},"end":{"line":31,"column":3}},"loc":{"start":{"line":31,"column":14},"end":{"line":33,"column":3}},"line":31},"5":{"name":"(anonymous_5)","decl":{"start":{"line":35,"column":2},"end":{"line":35,"column":3}},"loc":{"start":{"line":35,"column":20},"end":{"line":43,"column":3}},"line":35},"6":{"name":"(anonymous_6)","decl":{"start":{"line":46,"column":2},"end":{"line":46,"column":3}},"loc":{"start":{"line":46,"column":25},"end":{"line":53,"column":3}},"line":46},"7":{"name":"(anonymous_7)","decl":{"start":{"line":55,"column":2},"end":{"line":55,"column":3}},"loc":{"start":{"line":55,"column":14},"end":{"line":57,"column":3}},"line":55},"8":{"name":"(anonymous_8)","decl":{"start":{"line":60,"column":2},"end":{"line":60,"column":3}},"loc":{"start":{"line":60,"column":28},"end":{"line":86,"column":3}},"line":60},"9":{"name":"(anonymous_9)","decl":{"start":{"line":88,"column":2},"end":{"line":88,"column":3}},"loc":{"start":{"line":88,"column":28},"end":{"line":103,"column":3}},"line":88},"10":{"name":"(anonymous_10)","decl":{"start":{"line":105,"column":2},"end":{"line":105,"column":3}},"loc":{"start":{"line":105,"column":20},"end":{"line":109,"column":3}},"line":105}},"branchMap":{"0":{"loc":{"start":{"line":13,"column":4},"end":{"line":13,"column":68}},"type":"if","locations":[{"start":{"line":13,"column":4},"end":{"line":13,"column":68}},{"start":{},"end":{}}],"line":13},"1":{"loc":{"start":{"line":17,"column":4},"end":{"line":17,"column":69}},"type":"if","locations":[{"start":{"line":17,"column":4},"end":{"line":17,"column":69}},{"start":{},"end":{}}],"line":17},"2":{"loc":{"start":{"line":22,"column":30},"end":{"line":22,"column":42}},"type":"default-arg","locations":[{"start":{"line":22,"column":41},"end":{"line":22,"column":42}}],"line":22},"3":{"loc":{"start":{"line":23,"column":4},"end":{"line":25,"column":5}},"type":"if","locations":[{"start":{"line":23,"column":4},"end":{"line":25,"column":5}},{"start":{},"end":{}}],"line":23},"4":{"loc":{"start":{"line":37,"column":4},"end":{"line":37,"column":55}},"type":"if","locations":[{"start":{"line":37,"column":4},"end":{"line":37,"column":55}},{"start":{},"end":{}}],"line":37},"5":{"loc":{"start":{"line":38,"column":4},"end":{"line":40,"column":5}},"type":"if","locations":[{"start":{"line":38,"column":4},"end":{"line":40,"column":5}},{"start":{},"end":{}}],"line":38},"6":{"loc":{"start":{"line":47,"column":4},"end":{"line":49,"column":5}},"type":"if","locations":[{"start":{"line":47,"column":4},"end":{"line":49,"column":5}},{"start":{},"end":{}}],"line":47},"7":{"loc":{"start":{"line":62,"column":4},"end":{"line":62,"column":57}},"type":"if","locations":[{"start":{"line":62,"column":4},"end":{"line":62,"column":57}},{"start":{},"end":{}}],"line":62},"8":{"loc":{"start":{"line":65,"column":4},"end":{"line":65,"column":55}},"type":"if","locations":[{"start":{"line":65,"column":4},"end":{"line":65,"column":55}},{"start":{},"end":{}}],"line":65},"9":{"loc":{"start":{"line":66,"column":4},"end":{"line":66,"column":74}},"type":"if","locations":[{"start":{"line":66,"column":4},"end":{"line":66,"column":74}},{"start":{},"end":{}}],"line":66},"10":{"loc":{"start":{"line":73,"column":6},"end":{"line":75,"column":7}},"type":"if","locations":[{"start":{"line":73,"column":6},"end":{"line":75,"column":7}},{"start":{},"end":{}}],"line":73},"11":{"loc":{"start":{"line":73,"column":10},"end":{"line":73,"column":89}},"type":"binary-expr","locations":[{"start":{"line":73,"column":10},"end":{"line":73,"column":41}},{"start":{"line":73,"column":45},"end":{"line":73,"column":89}}],"line":73},"12":{"loc":{"start":{"line":79,"column":4},"end":{"line":79,"column":123}},"type":"if","locations":[{"start":{"line":79,"column":4},"end":{"line":79,"column":123}},{"start":{},"end":{}}],"line":79},"13":{"loc":{"start":{"line":80,"column":4},"end":{"line":80,"column":94}},"type":"if","locations":[{"start":{"line":80,"column":4},"end":{"line":80,"column":94}},{"start":{},"end":{}}],"line":80},"14":{"loc":{"start":{"line":90,"column":4},"end":{"line":90,"column":57}},"type":"if","locations":[{"start":{"line":90,"column":4},"end":{"line":90,"column":57}},{"start":{},"end":{}}],"line":90},"15":{"loc":{"start":{"line":93,"column":4},"end":{"line":93,"column":55}},"type":"if","locations":[{"start":{"line":93,"column":4},"end":{"line":93,"column":55}},{"start":{},"end":{}}],"line":93},"16":{"loc":{"start":{"line":95,"column":4},"end":{"line":95,"column":91}},"type":"if","locations":[{"start":{"line":95,"column":4},"end":{"line":95,"column":91}},{"start":{},"end":{}}],"line":95},"17":{"loc":{"start":{"line":97,"column":4},"end":{"line":97,"column":77}},"type":"if","locations":[{"start":{"line":97,"column":4},"end":{"line":97,"column":77}},{"start":{},"end":{}}],"line":97},"18":{"loc":{"start":{"line":107,"column":4},"end":{"line":107,"column":57}},"type":"if","locations":[{"start":{"line":107,"column":4},"end":{"line":107,"column":57}},{"start":{},"end":{}}],"line":107}},"s":{"0":1,"1":1,"2":25,"3":25,"4":25,"5":0,"6":0,"7":0,"8":0,"9":0,"10":0,"11":28,"12":1,"13":27,"14":25,"15":25,"16":1,"17":3,"18":3,"19":1,"20":2,"21":1,"22":1,"23":1,"24":23,"25":1,"26":22,"27":22,"28":22,"29":1,"30":21,"31":21,"32":1,"33":20,"34":20,"35":1,"36":19,"37":1,"38":18,"39":18,"40":18,"41":8,"42":1,"43":17,"44":1,"45":16,"46":1,"47":15,"48":15,"49":15,"50":5,"51":5,"52":0,"53":5,"54":5,"55":1,"56":4,"57":1,"58":3,"59":1,"60":2,"61":2,"62":2,"63":2,"64":2,"65":1,"66":1,"67":1},"f":{"0":25,"1":0,"2":0,"3":28,"4":1,"5":3,"6":23,"7":1,"8":21,"9":5,"10":2},"b":{"0":[0,0],"1":[0,0],"2":[2],"3":[1,27],"4":[1,2],"5":[1,1],"6":[1,22],"7":[1,20],"8":[1,19],"9":[1,18],"10":[1,7],"11":[8,8],"12":[1,16],"13":[1,15],"14":[0,5],"15":[1,4],"16":[1,3],"17":[1,2],"18":[1,1]},"_coverageSchema":"1a1c01bbd47fc00a2c39e90264f33305004495a9","hash":"86dd35e41bbcc9e4cad12bbd8d976ac6ac35ab74"}
}
