TN:
SF:src\models\book.js
FN:3,(anonymous_0)
FNF:1
FNH:1
FNDA:27,(anonymous_0)
DA:4,27
DA:5,27
DA:6,25
DA:7,25
DA:8,25
DA:9,25
DA:13,1
LF:7
LH:7
BRDA:3,0,0,0
BRDA:4,1,0,0
BRDA:4,1,1,27
BRDA:4,2,0,27
BRDA:4,2,1,27
BRDA:5,3,0,2
BRDA:5,3,1,25
BRDA:7,4,0,25
BRDA:7,4,1,0
BRF:9
BRH:6
end_of_record
TN:
SF:src\models\user.js
FN:3,(anonymous_0)
FN:12,(anonymous_1)
FN:21,(anonymous_2)
FN:25,(anonymous_3)
FN:29,(anonymous_4)
FN:36,(anonymous_5)
FN:40,(anonymous_6)
FN:44,(anonymous_7)
FN:45,(anonymous_8)
FNF:9
FNH:7
FNDA:22,(anonymous_0)
FNDA:15,(anonymous_1)
FNDA:22,(anonymous_2)
FNDA:2,(anonymous_3)
FNDA:2,(anonymous_4)
FNDA:21,(anonymous_5)
FNDA:1,(anonymous_6)
FNDA:0,(anonymous_7)
FNDA:0,(anonymous_8)
DA:4,22
DA:5,22
DA:6,22
DA:8,22
DA:9,22
DA:13,15
DA:14,15
DA:22,22
DA:26,2
DA:28,2
DA:29,2
DA:31,2
DA:32,2
DA:37,21
DA:41,1
DA:45,0
DA:49,1
LF:17
LH:16
BRDA:4,0,0,0
BRDA:4,0,1,22
BRDA:6,1,0,22
BRDA:6,1,1,0
BRDA:29,2,0,2
BRDA:29,2,1,2
BRDA:31,3,0,2
BRDA:31,3,1,0
BRF:8
BRH:5
end_of_record
TN:
SF:src\services\library-service.js
FN:6,(anonymous_0)
FN:12,(anonymous_1)
FN:16,(anonymous_2)
FN:22,(anonymous_3)
FN:31,(anonymous_4)
FN:35,(anonymous_5)
FN:46,(anonymous_6)
FN:55,(anonymous_7)
FN:60,(anonymous_8)
FN:88,(anonymous_9)
FN:105,(anonymous_10)
FNF:11
FNH:9
FNDA:25,(anonymous_0)
FNDA:0,(anonymous_1)
FNDA:0,(anonymous_2)
FNDA:28,(anonymous_3)
FNDA:1,(anonymous_4)
FNDA:3,(anonymous_5)
FNDA:23,(anonymous_6)
FNDA:1,(anonymous_7)
FNDA:21,(anonymous_8)
FNDA:5,(anonymous_9)
FNDA:2,(anonymous_10)
DA:2,1
DA:3,1
DA:7,25
DA:8,25
DA:9,25
DA:13,0
DA:14,0
DA:17,0
DA:18,0
DA:23,28
DA:24,1
DA:26,27
DA:27,25
DA:28,25
DA:32,1
DA:36,3
DA:37,3
DA:38,2
DA:39,1
DA:41,1
DA:42,1
DA:47,23
DA:48,1
DA:50,22
DA:51,22
DA:52,22
DA:56,1
DA:61,21
DA:62,21
DA:64,20
DA:65,20
DA:66,19
DA:69,18
DA:70,18
DA:72,18
DA:73,8
DA:74,1
DA:79,17
DA:80,16
DA:83,15
DA:84,15
DA:85,15
DA:89,5
DA:90,5
DA:92,5
DA:93,5
DA:95,4
DA:97,3
DA:100,2
DA:101,2
DA:102,2
DA:106,2
DA:107,2
DA:108,1
DA:112,1
LF:55
LH:51
BRDA:13,0,0,0
BRDA:13,0,1,0
BRDA:17,1,0,0
BRDA:17,1,1,0
BRDA:22,2,0,2
BRDA:23,3,0,1
BRDA:23,3,1,27
BRDA:37,4,0,1
BRDA:37,4,1,2
BRDA:38,5,0,1
BRDA:38,5,1,1
BRDA:47,6,0,1
BRDA:47,6,1,22
BRDA:62,7,0,1
BRDA:62,7,1,20
BRDA:65,8,0,1
BRDA:65,8,1,19
BRDA:66,9,0,1
BRDA:66,9,1,18
BRDA:73,10,0,1
BRDA:73,10,1,7
BRDA:73,11,0,8
BRDA:73,11,1,8
BRDA:79,12,0,1
BRDA:79,12,1,16
BRDA:80,13,0,1
BRDA:80,13,1,15
BRDA:90,14,0,0
BRDA:90,14,1,5
BRDA:93,15,0,1
BRDA:93,15,1,4
BRDA:95,16,0,1
BRDA:95,16,1,3
BRDA:97,17,0,1
BRDA:97,17,1,2
BRDA:107,18,0,1
BRDA:107,18,1,1
BRF:37
BRH:32
end_of_record
